<?xml version="1.0" encoding="UTF-8"?>
<!-- Generated by org.testng.reporters.JUnitReportReporter -->
<testsuite hostname="ojt3" name="DriverFactory.AppTest" tests="1" failures="0" timestamp="23 Dec 2019 03:59:49 GMT" time="57.035" errors="0">
  <testcase name="startTest" time="57.035" classname="DriverFactory.AppTest"/>
</testsuite> <!-- DriverFactory.AppTest -->
